<?xml version="1.0" encoding="UTF-8"?>
<testng-results skipped="0" failed="1" ignored="0" total="3" passed="2">
  <reporter-output>
  </reporter-output>
  <suite name="Suite" duration-ms="93857" started-at="2019-04-15T09:06:23Z" finished-at="2019-04-15T09:07:57Z">
    <groups>
    </groups>
    <test name="Test" duration-ms="93857" started-at="2019-04-15T09:06:23Z" finished-at="2019-04-15T09:07:57Z">
      <class name="mercury.mavenapr14.A">
        <test-method status="PASS" signature="openbrowser()[pri:0, instance:mercury.mavenapr14.A@3ffc5af1]" name="openbrowser" is-config="true" duration-ms="22325" started-at="2019-04-15T09:06:01Z" finished-at="2019-04-15T09:06:23Z">
          <reporter-output>
          </reporter-output>
        </test-method> <!-- openbrowser -->
        <test-method status="PASS" signature="OpenApplicationURL()[pri:0, instance:mercury.mavenapr14.A@3ffc5af1]" name="OpenApplicationURL" is-config="true" duration-ms="3342" started-at="2019-04-15T09:06:23Z" finished-at="2019-04-15T09:06:26Z">
          <reporter-output>
          </reporter-output>
        </test-method> <!-- OpenApplicationURL -->
        <test-method status="PASS" signature="maximizebrowser()[pri:0, instance:mercury.mavenapr14.A@3ffc5af1]" name="maximizebrowser" is-config="true" duration-ms="1414" started-at="2019-04-15T09:06:26Z" finished-at="2019-04-15T09:06:28Z">
          <reporter-output>
          </reporter-output>
        </test-method> <!-- maximizebrowser -->
        <test-method status="PASS" signature="getcookies()[pri:0, instance:mercury.mavenapr14.A@3ffc5af1]" name="getcookies" is-config="true" duration-ms="143" started-at="2019-04-15T09:06:28Z" finished-at="2019-04-15T09:06:28Z">
          <reporter-output>
          </reporter-output>
        </test-method> <!-- getcookies -->
        <test-method status="PASS" signature="loginwithvalid1()[pri:1, instance:mercury.mavenapr14.A@3ffc5af1]" name="loginwithvalid1" duration-ms="31197" started-at="2019-04-15T09:06:28Z" finished-at="2019-04-15T09:06:59Z">
          <reporter-output>
          </reporter-output>
        </test-method> <!-- loginwithvalid1 -->
        <test-method status="PASS" signature="capturescreenshot()[pri:0, instance:mercury.mavenapr14.A@3ffc5af1]" name="capturescreenshot" is-config="true" duration-ms="1271" started-at="2019-04-15T09:06:59Z" finished-at="2019-04-15T09:07:00Z">
          <reporter-output>
          </reporter-output>
        </test-method> <!-- capturescreenshot -->
        <test-method status="PASS" signature="getcookies()[pri:0, instance:mercury.mavenapr14.A@3ffc5af1]" name="getcookies" is-config="true" duration-ms="18" started-at="2019-04-15T09:07:00Z" finished-at="2019-04-15T09:07:00Z">
          <reporter-output>
          </reporter-output>
        </test-method> <!-- getcookies -->
        <test-method status="PASS" signature="loginwithvalid2()[pri:2, instance:mercury.mavenapr14.A@3ffc5af1]" name="loginwithvalid2" duration-ms="49636" started-at="2019-04-15T09:07:00Z" finished-at="2019-04-15T09:07:50Z">
          <reporter-output>
          </reporter-output>
        </test-method> <!-- loginwithvalid2 -->
        <test-method status="PASS" signature="capturescreenshot()[pri:0, instance:mercury.mavenapr14.A@3ffc5af1]" name="capturescreenshot" is-config="true" duration-ms="540" started-at="2019-04-15T09:07:50Z" finished-at="2019-04-15T09:07:51Z">
          <reporter-output>
          </reporter-output>
        </test-method> <!-- capturescreenshot -->
        <test-method status="PASS" signature="getcookies()[pri:0, instance:mercury.mavenapr14.A@3ffc5af1]" name="getcookies" is-config="true" duration-ms="19" started-at="2019-04-15T09:07:51Z" finished-at="2019-04-15T09:07:51Z">
          <reporter-output>
          </reporter-output>
        </test-method> <!-- getcookies -->
        <test-method status="FAIL" signature="loginwithinvalid()[pri:3, instance:mercury.mavenapr14.A@3ffc5af1]" name="loginwithinvalid" duration-ms="5481" started-at="2019-04-15T09:07:51Z" finished-at="2019-04-15T09:07:56Z">
          <exception class="org.openqa.selenium.NoSuchElementException">
            <message>
              <![CDATA[no such element: Unable to locate element: {"method":"xpath","selector":"//img[@src='/images/masts/mast_flightfinder.gif']"}
  (Session info: chrome=73.0.3683.103)
  (Driver info: chromedriver=73.0.3683.20 (8e2b610813e167eee3619ac4ce6e42e3ec622017),platform=Windows NT 6.3.9600 x86_64) (WARNING: The server did not provide any stacktrace information)
Command duration or timeout: 0 milliseconds
For documentation on this error, please visit: https://www.seleniumhq.org/exceptions/no_such_element.html
Build info: version: '3.141.59', revision: 'e82be7d358', time: '2018-11-14T08:17:03'
System info: host: 'ANKITA-PC', ip: '192.168.31.230', os.name: 'Windows 8.1', os.arch: 'amd64', os.version: '6.3', java.version: '1.8.0_20-ea'
Driver info: org.openqa.selenium.chrome.ChromeDriver
Capabilities {acceptInsecureCerts: false, acceptSslCerts: false, applicationCacheEnabled: false, browserConnectionEnabled: false, browserName: chrome, chrome: {chromedriverVersion: 73.0.3683.20 (8e2b610813e16..., userDataDir: C:\Users\Hp\AppData\Local\T...}, cssSelectorsEnabled: true, databaseEnabled: false, goog:chromeOptions: {debuggerAddress: localhost:50492}, handlesAlerts: true, hasTouchScreen: false, javascriptEnabled: true, locationContextEnabled: true, mobileEmulationEnabled: false, nativeEvents: true, networkConnectionEnabled: false, pageLoadStrategy: normal, platform: XP, platformName: XP, proxy: Proxy(), rotatable: false, setWindowRect: true, strictFileInteractability: false, takesHeapSnapshot: true, takesScreenshot: true, timeouts: {implicit: 0, pageLoad: 300000, script: 30000}, unexpectedAlertBehaviour: ignore, unhandledPromptBehavior: ignore, version: 73.0.3683.103, webStorageEnabled: true}
Session ID: 2efed3df44ea276554c79cfcb63f53e2
*** Element info: {Using=xpath, value=//img[@src='/images/masts/mast_flightfinder.gif']}]]>
            </message>
            <full-stacktrace>
              <![CDATA[org.openqa.selenium.NoSuchElementException: no such element: Unable to locate element: {"method":"xpath","selector":"//img[@src='/images/masts/mast_flightfinder.gif']"}
  (Session info: chrome=73.0.3683.103)
  (Driver info: chromedriver=73.0.3683.20 (8e2b610813e167eee3619ac4ce6e42e3ec622017),platform=Windows NT 6.3.9600 x86_64) (WARNING: The server did not provide any stacktrace information)
Command duration or timeout: 0 milliseconds
For documentation on this error, please visit: https://www.seleniumhq.org/exceptions/no_such_element.html
Build info: version: '3.141.59', revision: 'e82be7d358', time: '2018-11-14T08:17:03'
System info: host: 'ANKITA-PC', ip: '192.168.31.230', os.name: 'Windows 8.1', os.arch: 'amd64', os.version: '6.3', java.version: '1.8.0_20-ea'
Driver info: org.openqa.selenium.chrome.ChromeDriver
Capabilities {acceptInsecureCerts: false, acceptSslCerts: false, applicationCacheEnabled: false, browserConnectionEnabled: false, browserName: chrome, chrome: {chromedriverVersion: 73.0.3683.20 (8e2b610813e16..., userDataDir: C:\Users\Hp\AppData\Local\T...}, cssSelectorsEnabled: true, databaseEnabled: false, goog:chromeOptions: {debuggerAddress: localhost:50492}, handlesAlerts: true, hasTouchScreen: false, javascriptEnabled: true, locationContextEnabled: true, mobileEmulationEnabled: false, nativeEvents: true, networkConnectionEnabled: false, pageLoadStrategy: normal, platform: XP, platformName: XP, proxy: Proxy(), rotatable: false, setWindowRect: true, strictFileInteractability: false, takesHeapSnapshot: true, takesScreenshot: true, timeouts: {implicit: 0, pageLoad: 300000, script: 30000}, unexpectedAlertBehaviour: ignore, unhandledPromptBehavior: ignore, version: 73.0.3683.103, webStorageEnabled: true}
Session ID: 2efed3df44ea276554c79cfcb63f53e2
*** Element info: {Using=xpath, value=//img[@src='/images/masts/mast_flightfinder.gif']}
at sun.reflect.NativeConstructorAccessorImpl.newInstance0(Native Method)
at sun.reflect.NativeConstructorAccessorImpl.newInstance(NativeConstructorAccessorImpl.java:62)
at sun.reflect.DelegatingConstructorAccessorImpl.newInstance(DelegatingConstructorAccessorImpl.java:45)
at java.lang.reflect.Constructor.newInstance(Constructor.java:408)
at org.openqa.selenium.remote.ErrorHandler.createThrowable(ErrorHandler.java:214)
at org.openqa.selenium.remote.ErrorHandler.throwIfResponseFailed(ErrorHandler.java:166)
at org.openqa.selenium.remote.http.JsonHttpResponseCodec.reconstructValue(JsonHttpResponseCodec.java:40)
at org.openqa.selenium.remote.http.AbstractHttpResponseCodec.decode(AbstractHttpResponseCodec.java:80)
at org.openqa.selenium.remote.http.AbstractHttpResponseCodec.decode(AbstractHttpResponseCodec.java:44)
at org.openqa.selenium.remote.HttpCommandExecutor.execute(HttpCommandExecutor.java:158)
at org.openqa.selenium.remote.service.DriverCommandExecutor.execute(DriverCommandExecutor.java:83)
at org.openqa.selenium.remote.RemoteWebDriver.execute(RemoteWebDriver.java:552)
at org.openqa.selenium.remote.RemoteWebDriver.findElement(RemoteWebDriver.java:323)
at org.openqa.selenium.remote.RemoteWebDriver.findElementByXPath(RemoteWebDriver.java:428)
at org.openqa.selenium.By$ByXPath.findElement(By.java:353)
at org.openqa.selenium.remote.RemoteWebDriver.findElement(RemoteWebDriver.java:315)
at mercury.mavenapr14.A.loginwithinvalid(A.java:71)
at sun.reflect.NativeMethodAccessorImpl.invoke0(Native Method)
at sun.reflect.NativeMethodAccessorImpl.invoke(NativeMethodAccessorImpl.java:62)
at sun.reflect.DelegatingMethodAccessorImpl.invoke(DelegatingMethodAccessorImpl.java:43)
at java.lang.reflect.Method.invoke(Method.java:483)
at org.testng.internal.MethodInvocationHelper.invokeMethod(MethodInvocationHelper.java:124)
at org.testng.internal.Invoker.invokeMethod(Invoker.java:583)
at org.testng.internal.Invoker.invokeTestMethod(Invoker.java:719)
at org.testng.internal.Invoker.invokeTestMethods(Invoker.java:989)
at org.testng.internal.TestMethodWorker.invokeTestMethods(TestMethodWorker.java:125)
at org.testng.internal.TestMethodWorker.run(TestMethodWorker.java:109)
at org.testng.TestRunner.privateRun(TestRunner.java:648)
at org.testng.TestRunner.run(TestRunner.java:505)
at org.testng.SuiteRunner.runTest(SuiteRunner.java:455)
at org.testng.SuiteRunner.runSequentially(SuiteRunner.java:450)
at org.testng.SuiteRunner.privateRun(SuiteRunner.java:415)
at org.testng.SuiteRunner.run(SuiteRunner.java:364)
at org.testng.SuiteRunnerWorker.runSuite(SuiteRunnerWorker.java:52)
at org.testng.SuiteRunnerWorker.run(SuiteRunnerWorker.java:84)
at org.testng.TestNG.runSuitesSequentially(TestNG.java:1208)
at org.testng.TestNG.runSuitesLocally(TestNG.java:1137)
at org.testng.TestNG.runSuites(TestNG.java:1049)
at org.testng.TestNG.run(TestNG.java:1017)
at org.testng.remote.AbstractRemoteTestNG.run(AbstractRemoteTestNG.java:114)
at org.testng.remote.RemoteTestNG.initAndRun(RemoteTestNG.java:251)
at org.testng.remote.RemoteTestNG.main(RemoteTestNG.java:77)
]]>
            </full-stacktrace>
          </exception> <!-- org.openqa.selenium.NoSuchElementException -->
          <reporter-output>
          </reporter-output>
        </test-method> <!-- loginwithinvalid -->
        <test-method status="PASS" signature="capturescreenshot()[pri:0, instance:mercury.mavenapr14.A@3ffc5af1]" name="capturescreenshot" is-config="true" duration-ms="352" started-at="2019-04-15T09:07:56Z" finished-at="2019-04-15T09:07:56Z">
          <reporter-output>
          </reporter-output>
        </test-method> <!-- capturescreenshot -->
        <test-method status="PASS" signature="deletcookies()[pri:0, instance:mercury.mavenapr14.A@3ffc5af1]" name="deletcookies" is-config="true" duration-ms="235" started-at="2019-04-15T09:07:56Z" finished-at="2019-04-15T09:07:57Z">
          <reporter-output>
          </reporter-output>
        </test-method> <!-- deletcookies -->
        <test-method status="PASS" signature="dbconnection()[pri:0, instance:mercury.mavenapr14.A@3ffc5af1]" name="dbconnection" is-config="true" duration-ms="0" started-at="2019-04-15T09:07:57Z" finished-at="2019-04-15T09:07:57Z">
          <reporter-output>
          </reporter-output>
        </test-method> <!-- dbconnection -->
        <test-method status="PASS" signature="driverclose()[pri:0, instance:mercury.mavenapr14.A@3ffc5af1]" name="driverclose" is-config="true" duration-ms="1065" started-at="2019-04-15T09:07:57Z" finished-at="2019-04-15T09:07:58Z">
          <reporter-output>
          </reporter-output>
        </test-method> <!-- driverclose -->
      </class> <!-- mercury.mavenapr14.A -->
    </test> <!-- Test -->
  </suite> <!-- Suite -->
</testng-results>
